[0312/145155.461:ERROR:process_memory_win.cc(73)] ReadMemory at 0x70000 of 64 bytes failed: Only part of a ReadProcessMemory or WriteProcessMemory request was completed. (0x12B)
[0312/145155.464:WARNING:pe_image_reader.cc(340)] could not read dos header from C:\Users\6867\eclipse-workspace\CMS_Mecca_Web_Mobile_BDD_Framework\src\main\resource\browsers\Chrome\Application\chrome.exe
[0312/145155.465:ERROR:process_memory_win.cc(73)] ReadMemory at 0x52a4078 of 44 bytes failed: Only part of a ReadProcessMemory or WriteProcessMemory request was completed. (0x12B)
[0312/145155.465:WARNING:pe_image_annotations_reader.cc(134)] could not read annotations list object in C:\Users\6867\eclipse-workspace\CMS_Mecca_Web_Mobile_BDD_Framework\src\main\resource\browsers\Chrome\Application\73.0.3683.75\chrome_elf.dll
[0312/145155.482:ERROR:process_memory_win.cc(73)] ReadMemory at 0x74e00000 of 64 bytes failed: Only part of a ReadProcessMemory or WriteProcessMemory request was completed. (0x12B)
[0312/145155.482:WARNING:pe_image_reader.cc(340)] could not read dos header from C:\WINDOWS\SYSTEM32\VERSION.dll
[0312/145155.482:ERROR:process_memory_win.cc(73)] ReadMemory at 0x74670000 of 64 bytes failed: Only part of a ReadProcessMemory or WriteProcessMemory request was completed. (0x12B)
[0312/145155.482:WARNING:pe_image_reader.cc(340)] could not read dos header from C:\WINDOWS\SYSTEM32\WINMM.dll
[0312/145155.482:ERROR:process_memory_win.cc(73)] ReadMemory at 0x74a10000 of 64 bytes failed: Only part of a ReadProcessMemory or WriteProcessMemory request was completed. (0x12B)
[0312/145155.482:WARNING:pe_image_reader.cc(340)] could not read dos header from C:\WINDOWS\SYSTEM32\USERENV.dll
[0312/145155.482:ERROR:process_memory_win.cc(73)] ReadMemory at 0x74380000 of 64 bytes failed: Only part of a ReadProcessMemory or WriteProcessMemory request was completed. (0x12B)
[0312/145155.482:WARNING:pe_image_reader.cc(340)] could not read dos header from C:\WINDOWS\SYSTEM32\WINMMBASE.dll
[0312/145155.482:ERROR:process_memory_win.cc(73)] ReadMemory at 0x77040000 of 64 bytes failed: Only part of a ReadProcessMemory or WriteProcessMemory request was completed. (0x12B)
[0312/145155.482:WARNING:pe_image_reader.cc(340)] could not read dos header from C:\WINDOWS\System32\IMM32.DLL
[0312/145155.483:ERROR:process_memory_win.cc(73)] ReadMemory at 0xf180000 of 64 bytes failed: Only part of a ReadProcessMemory or WriteProcessMemory request was completed. (0x12B)
[0312/145155.483:WARNING:pe_image_reader.cc(340)] could not read dos header from C:\Users\6867\eclipse-workspace\CMS_Mecca_Web_Mobile_BDD_Framework\src\main\resource\browsers\Chrome\Application\73.0.3683.75\chrome_child.dll
[0312/145155.483:ERROR:process_memory_win.cc(73)] ReadMemory at 0x75df0000 of 64 bytes failed: Only part of a ReadProcessMemory or WriteProcessMemory request was completed. (0x12B)
[0312/145155.483:WARNING:pe_image_reader.cc(340)] could not read dos header from C:\WINDOWS\System32\WS2_32.dll
[0312/145155.483:ERROR:process_memory_win.cc(73)] ReadMemory at 0x75680000 of 64 bytes failed: Only part of a ReadProcessMemory or WriteProcessMemory request was completed. (0x12B)
[0312/145155.483:WARNING:pe_image_reader.cc(340)] could not read dos header from C:\WINDOWS\System32\ole32.dll
[0312/145155.483:ERROR:process_memory_win.cc(73)] ReadMemory at 0x77790000 of 64 bytes failed: Only part of a ReadProcessMemory or WriteProcessMemory request was completed. (0x12B)
[0312/145155.483:WARNING:pe_image_reader.cc(340)] could not read dos header from C:\WINDOWS\System32\OLEAUT32.dll
[0312/145155.483:ERROR:process_memory_win.cc(73)] ReadMemory at 0x77660000 of 64 bytes failed: Only part of a ReadProcessMemory or WriteProcessMemory request was completed. (0x12B)
[0312/145155.483:WARNING:pe_image_reader.cc(340)] could not read dos header from C:\WINDOWS\System32\WINTRUST.dll
[0312/145155.483:ERROR:process_memory_win.cc(73)] ReadMemory at 0x75ff0000 of 64 bytes failed: Only part of a ReadProcessMemory or WriteProcessMemory request was completed. (0x12B)
[0312/145155.483:WARNING:pe_image_reader.cc(340)] could not read dos header from C:\WINDOWS\System32\MSASN1.dll
[0312/145155.483:ERROR:process_memory_win.cc(73)] ReadMemory at 0x774c0000 of 64 bytes failed: Only part of a ReadProcessMemory or WriteProcessMemory request was completed. (0x12B)
[0312/145155.483:WARNING:pe_image_reader.cc(340)] could not read dos header from C:\WINDOWS\System32\CRYPT32.dll
[0312/145155.483:ERROR:process_memory_win.cc(73)] ReadMemory at 0x778b0000 of 64 bytes failed: Only part of a ReadProcessMemory or WriteProcessMemory request was completed. (0x12B)
[0312/145155.483:WARNING:pe_image_reader.cc(340)] could not read dos header from C:\WINDOWS\System32\COMDLG32.dll
[0312/145155.484:ERROR:process_memory_win.cc(73)] ReadMemory at 0x73f90000 of 64 bytes failed: Only part of a ReadProcessMemory or WriteProcessMemory request was completed. (0x12B)
[0312/145155.484:WARNING:pe_image_reader.cc(340)] could not read dos header from C:\WINDOWS\SYSTEM32\IPHLPAPI.DLL
[0312/145155.484:ERROR:process_memory_win.cc(73)] ReadMemory at 0x64ff0000 of 64 bytes failed: Only part of a ReadProcessMemory or WriteProcessMemory request was completed. (0x12B)
[0312/145155.484:WARNING:pe_image_reader.cc(340)] could not read dos header from C:\WINDOWS\SYSTEM32\OLEACC.dll
[0312/145155.484:ERROR:process_memory_win.cc(73)] ReadMemory at 0x70990000 of 64 bytes failed: Only part of a ReadProcessMemory or WriteProcessMemory request was completed. (0x12B)
[0312/145155.484:WARNING:pe_image_reader.cc(340)] could not read dos header from C:\WINDOWS\SYSTEM32\DWrite.dll
[0312/145155.484:ERROR:process_memory_win.cc(73)] ReadMemory at 0x6f1b0000 of 64 bytes failed: Only part of a ReadProcessMemory or WriteProcessMemory request was completed. (0x12B)
[0312/145155.484:WARNING:pe_image_reader.cc(340)] could not read dos header from C:\WINDOWS\SYSTEM32\dxgi.dll
[0312/145155.484:ERROR:process_memory_win.cc(73)] ReadMemory at 0x743d0000 of 64 bytes failed: Only part of a ReadProcessMemory or WriteProcessMemory request was completed. (0x12B)
[0312/145155.484:WARNING:pe_image_reader.cc(340)] could not read dos header from C:\WINDOWS\SYSTEM32\WINSPOOL.DRV
[0312/145155.484:ERROR:process_memory_win.cc(73)] ReadMemory at 0x75db0000 of 64 bytes failed: Only part of a ReadProcessMemory or WriteProcessMemory request was completed. (0x12B)
[0312/145155.484:WARNING:pe_image_reader.cc(340)] could not read dos header from C:\WINDOWS\System32\bcrypt.dll
[0312/145155.484:ERROR:process_memory_win.cc(73)] ReadMemory at 0x67d50000 of 64 bytes failed: Only part of a ReadProcessMemory or WriteProcessMemory request was completed. (0x12B)
[0312/145155.484:WARNING:pe_image_reader.cc(340)] could not read dos header from C:\WINDOWS\SYSTEM32\dbghelp.dll
[0312/145155.484:ERROR:process_memory_win.cc(73)] ReadMemory at 0x73a20000 of 64 bytes failed: Only part of a ReadProcessMemory or WriteProcessMemory request was completed. (0x12B)
[0312/145155.485:WARNING:pe_image_reader.cc(340)] could not read dos header from C:\WINDOWS\SYSTEM32\USP10.dll
[0312/145155.485:ERROR:process_memory_win.cc(73)] ReadMemory at 0x73810000 of 64 bytes failed: Only part of a ReadProcessMemory or WriteProcessMemory request was completed. (0x12B)
[0312/145155.485:WARNING:pe_image_reader.cc(340)] could not read dos header from C:\WINDOWS\WinSxS\x86_microsoft.windows.common-controls_6595b64144ccf1df_6.0.17763.973_none_4d5f7c671b9e1487\COMCTL32.dll
[0312/145155.485:ERROR:process_memory_win.cc(73)] ReadMemory at 0x6daa0000 of 64 bytes failed: Only part of a ReadProcessMemory or WriteProcessMemory request was completed. (0x12B)
[0312/145155.485:WARNING:pe_image_reader.cc(340)] could not read dos header from C:\WINDOWS\SYSTEM32\WINHTTP.dll
[0312/145155.485:ERROR:process_memory_win.cc(73)] ReadMemory at 0x74440000 of 64 bytes failed: Only part of a ReadProcessMemory or WriteProcessMemory request was completed. (0x12B)
[0312/145155.485:WARNING:pe_image_reader.cc(340)] could not read dos header from C:\WINDOWS\SYSTEM32\urlmon.dll
[0312/145155.485:ERROR:process_memory_win.cc(73)] ReadMemory at 0x73750000 of 64 bytes failed: Only part of a ReadProcessMemory or WriteProcessMemory request was completed. (0x12B)
[0312/145155.485:WARNING:pe_image_reader.cc(340)] could not read dos header from C:\WINDOWS\SYSTEM32\Secur32.dll
[0312/145155.485:ERROR:process_memory_win.cc(73)] ReadMemory at 0x72660000 of 64 bytes failed: Only part of a ReadProcessMemory or WriteProcessMemory request was completed. (0x12B)
[0312/145155.485:WARNING:pe_image_reader.cc(340)] could not read dos header from C:\WINDOWS\SYSTEM32\dhcpcsvc.DLL
[0312/145155.485:ERROR:process_memory_win.cc(73)] ReadMemory at 0x77710000 of 64 bytes failed: Only part of a ReadProcessMemory or WriteProcessMemory request was completed. (0x12B)
[0312/145155.486:WARNING:pe_image_reader.cc(340)] could not read dos header from C:\WINDOWS\System32\NSI.dll
[0312/145155.486:ERROR:process_memory_win.cc(73)] ReadMemory at 0x73fd0000 of 64 bytes failed: Only part of a ReadProcessMemory or WriteProcessMemory request was completed. (0x12B)
[0312/145155.486:WARNING:pe_image_reader.cc(340)] could not read dos header from C:\WINDOWS\SYSTEM32\PROPSYS.dll
[0312/145155.486:ERROR:process_memory_win.cc(73)] ReadMemory at 0x74150000 of 64 bytes failed: Only part of a ReadProcessMemory or WriteProcessMemory request was completed. (0x12B)
[0312/145155.486:WARNING:pe_image_reader.cc(340)] could not read dos header from C:\WINDOWS\SYSTEM32\iertutil.dll
[0312/145155.602:ERROR:process_memory_win.cc(73)] ReadMemory at 0x4f5b000 of 20480 bytes failed: Only part of a ReadProcessMemory or WriteProcessMemory request was completed. (0x12B)
[0312/145155.603:ERROR:process_memory_win.cc(73)] ReadMemory at 0x74ae000 of 8192 bytes failed: Only part of a ReadProcessMemory or WriteProcessMemory request was completed. (0x12B)
[0312/145155.603:ERROR:process_memory_win.cc(73)] ReadMemory at 0x75ef000 of 4096 bytes failed: Only part of a ReadProcessMemory or WriteProcessMemory request was completed. (0x12B)
[0312/145155.603:ERROR:process_memory_win.cc(73)] ReadMemory at 0x772f000 of 4096 bytes failed: Only part of a ReadProcessMemory or WriteProcessMemory request was completed. (0x12B)
[0312/145155.603:ERROR:process_memory_win.cc(73)] ReadMemory at 0x786e000 of 8192 bytes failed: Only part of a ReadProcessMemory or WriteProcessMemory request was completed. (0x12B)
[0312/145155.603:ERROR:process_memory_win.cc(73)] ReadMemory at 0x79ae000 of 8192 bytes failed: Only part of a ReadProcessMemory or WriteProcessMemory request was completed. (0x12B)
[0312/145155.603:ERROR:process_memory_win.cc(73)] ReadMemory at 0x7aee000 of 8192 bytes failed: Only part of a ReadProcessMemory or WriteProcessMemory request was completed. (0x12B)
[0312/145155.603:ERROR:process_memory_win.cc(73)] ReadMemory at 0x7c2f000 of 4096 bytes failed: Only part of a ReadProcessMemory or WriteProcessMemory request was completed. (0x12B)
[0312/145155.604:ERROR:process_memory_win.cc(73)] ReadMemory at 0x7d6f000 of 4096 bytes failed: Only part of a ReadProcessMemory or WriteProcessMemory request was completed. (0x12B)
[0312/145155.604:ERROR:process_memory_win.cc(73)] ReadMemory at 0x7eae000 of 8192 bytes failed: Only part of a ReadProcessMemory or WriteProcessMemory request was completed. (0x12B)
[0312/145155.604:ERROR:process_memory_win.cc(73)] ReadMemory at 0x87ee000 of 8192 bytes failed: Only part of a ReadProcessMemory or WriteProcessMemory request was completed. (0x12B)
[0312/145155.604:ERROR:process_memory_win.cc(73)] ReadMemory at 0x7fee000 of 8192 bytes failed: Only part of a ReadProcessMemory or WriteProcessMemory request was completed. (0x12B)
[0312/145155.604:ERROR:process_memory_win.cc(73)] ReadMemory at 0x812e000 of 8192 bytes failed: Only part of a ReadProcessMemory or WriteProcessMemory request was completed. (0x12B)
[0312/145155.604:ERROR:process_memory_win.cc(73)] ReadMemory at 0x4c6c000 of 560 bytes failed: Only part of a ReadProcessMemory or WriteProcessMemory request was completed. (0x12B)
[0312/145155.604:ERROR:process_memory_win.cc(73)] ReadMemory at 0x4c6f000 of 3992 bytes failed: Only part of a ReadProcessMemory or WriteProcessMemory request was completed. (0x12B)
[0312/145155.656:ERROR:process_memory_win.cc(73)] ReadMemory at 0x4c72000 of 3992 bytes failed: Only part of a ReadProcessMemory or WriteProcessMemory request was completed. (0x12B)
[0312/145155.656:ERROR:process_memory_win.cc(73)] ReadMemory at 0x4c75000 of 3992 bytes failed: Only part of a ReadProcessMemory or WriteProcessMemory request was completed. (0x12B)
[0312/145155.656:ERROR:process_memory_win.cc(73)] ReadMemory at 0x4c78000 of 3992 bytes failed: Only part of a ReadProcessMemory or WriteProcessMemory request was completed. (0x12B)
[0312/145155.657:ERROR:process_memory_win.cc(73)] ReadMemory at 0x4c7b000 of 3992 bytes failed: Only part of a ReadProcessMemory or WriteProcessMemory request was completed. (0x12B)
[0312/145155.690:ERROR:process_memory_win.cc(73)] ReadMemory at 0x4c7e000 of 3992 bytes failed: Only part of a ReadProcessMemory or WriteProcessMemory request was completed. (0x12B)
[0312/145155.690:ERROR:process_memory_win.cc(73)] ReadMemory at 0x4c81000 of 3992 bytes failed: Only part of a ReadProcessMemory or WriteProcessMemory request was completed. (0x12B)
[0312/145155.710:ERROR:process_memory_win.cc(73)] ReadMemory at 0x4c84000 of 3992 bytes failed: Only part of a ReadProcessMemory or WriteProcessMemory request was completed. (0x12B)
[0312/145155.743:ERROR:process_memory_win.cc(73)] ReadMemory at 0x4c87000 of 3992 bytes failed: Only part of a ReadProcessMemory or WriteProcessMemory request was completed. (0x12B)
[0312/145155.743:ERROR:process_memory_win.cc(73)] ReadMemory at 0x4c8a000 of 3992 bytes failed: Only part of a ReadProcessMemory or WriteProcessMemory request was completed. (0x12B)
[0312/145155.744:ERROR:process_memory_win.cc(73)] ReadMemory at 0x4c8d000 of 3992 bytes failed: Only part of a ReadProcessMemory or WriteProcessMemory request was completed. (0x12B)
[0312/145155.756:ERROR:process_memory_win.cc(73)] ReadMemory at 0x4c90000 of 3992 bytes failed: Only part of a ReadProcessMemory or WriteProcessMemory request was completed. (0x12B)
[0312/145155.770:ERROR:process_memory_win.cc(73)] ReadMemory at 0x4c93000 of 3992 bytes failed: Only part of a ReadProcessMemory or WriteProcessMemory request was completed. (0x12B)
[0312/145155.770:ERROR:process_memory_win.cc(73)] ReadMemory at 0x53104b0 of 66 bytes failed: Only part of a ReadProcessMemory or WriteProcessMemory request was completed. (0x12B)
[0312/145155.771:ERROR:process_memory_win.cc(73)] ReadMemory at 0x5310af0 of 6134 bytes failed: Only part of a ReadProcessMemory or WriteProcessMemory request was completed. (0x12B)
[0312/145155.771:ERROR:process_memory_win.cc(73)] ReadMemory at 0x53122f0 of 660 bytes failed: Only part of a ReadProcessMemory or WriteProcessMemory request was completed. (0x12B)
[0312/145155.771:ERROR:process_memory_win.cc(73)] ReadMemory at 0x53127a4 of 246 bytes failed: Only part of a ReadProcessMemory or WriteProcessMemory request was completed. (0x12B)
[0312/145155.771:ERROR:process_memory_win.cc(73)] ReadMemory at 0x531289c of 1542 bytes failed: Only part of a ReadProcessMemory or WriteProcessMemory request was completed. (0x12B)
[0312/145155.771:ERROR:process_memory_win.cc(73)] ReadMemory at 0x5312ea4 of 246 bytes failed: Only part of a ReadProcessMemory or WriteProcessMemory request was completed. (0x12B)
[0312/145155.771:ERROR:process_memory_win.cc(73)] ReadMemory at 0x5312f9c of 96 bytes failed: Only part of a ReadProcessMemory or WriteProcessMemory request was completed. (0x12B)
[0312/145155.772:ERROR:process_memory_win.cc(73)] ReadMemory at 0x5314800 of 58 bytes failed: Only part of a ReadProcessMemory or WriteProcessMemory request was completed. (0x12B)
[0312/145155.772:ERROR:process_memory_win.cc(73)] ReadMemory at 0x53148f0 of 72 bytes failed: Only part of a ReadProcessMemory or WriteProcessMemory request was completed. (0x12B)
[0312/145155.772:ERROR:process_memory_win.cc(73)] ReadMemory at 0x53149d8 of 72 bytes failed: Only part of a ReadProcessMemory or WriteProcessMemory request was completed. (0x12B)
[0312/145155.821:ERROR:process_memory_win.cc(73)] ReadMemory at 0x5314ad8 of 252 bytes failed: Only part of a ReadProcessMemory or WriteProcessMemory request was completed. (0x12B)
[0312/145155.821:ERROR:process_memory_win.cc(73)] ReadMemory at 0x5314db0 of 62 bytes failed: Only part of a ReadProcessMemory or WriteProcessMemory request was completed. (0x12B)
[0312/145155.821:ERROR:process_memory_win.cc(73)] ReadMemory at 0x5314e08 of 72 bytes failed: Only part of a ReadProcessMemory or WriteProcessMemory request was completed. (0x12B)
[0312/145155.822:ERROR:process_memory_win.cc(73)] ReadMemory at 0x5314ef0 of 64 bytes failed: Only part of a ReadProcessMemory or WriteProcessMemory request was completed. (0x12B)
[0312/145155.822:ERROR:process_memory_win.cc(73)] ReadMemory at 0x5314ff8 of 72 bytes failed: Only part of a ReadProcessMemory or WriteProcessMemory request was completed. (0x12B)
[0312/145155.823:ERROR:process_memory_win.cc(73)] ReadMemory at 0x5315168 of 72 bytes failed: Only part of a ReadProcessMemory or WriteProcessMemory request was completed. (0x12B)
[0312/145155.823:ERROR:process_memory_win.cc(73)] ReadMemory at 0x5315250 of 68 bytes failed: Only part of a ReadProcessMemory or WriteProcessMemory request was completed. (0x12B)
[0312/145155.823:ERROR:process_memory_win.cc(73)] ReadMemory at 0x5317c08 of 72 bytes failed: Only part of a ReadProcessMemory or WriteProcessMemory request was completed. (0x12B)
[0312/145155.823:ERROR:process_memory_win.cc(73)] ReadMemory at 0x53182a0 of 72 bytes failed: Only part of a ReadProcessMemory or WriteProcessMemory request was completed. (0x12B)
[0312/145155.823:ERROR:process_memory_win.cc(73)] ReadMemory at 0x5318388 of 62 bytes failed: Only part of a ReadProcessMemory or WriteProcessMemory request was completed. (0x12B)
[0312/145155.823:ERROR:process_memory_win.cc(73)] ReadMemory at 0x5319730 of 72 bytes failed: Only part of a ReadProcessMemory or WriteProcessMemory request was completed. (0x12B)
[0312/145155.824:ERROR:process_memory_win.cc(73)] ReadMemory at 0x53197e0 of 60 bytes failed: Only part of a ReadProcessMemory or WriteProcessMemory request was completed. (0x12B)
[0312/145155.824:ERROR:process_memory_win.cc(73)] ReadMemory at 0x5319948 of 72 bytes failed: Only part of a ReadProcessMemory or WriteProcessMemory request was completed. (0x12B)
[0312/145155.824:ERROR:process_memory_win.cc(73)] ReadMemory at 0x5319a30 of 64 bytes failed: Only part of a ReadProcessMemory or WriteProcessMemory request was completed. (0x12B)
[0312/145155.824:ERROR:process_memory_win.cc(73)] ReadMemory at 0x5319bb8 of 72 bytes failed: Only part of a ReadProcessMemory or WriteProcessMemory request was completed. (0x12B)
[0312/145155.824:ERROR:process_memory_win.cc(73)] ReadMemory at 0x5319ca0 of 64 bytes failed: Only part of a ReadProcessMemory or WriteProcessMemory request was completed. (0x12B)
[0312/145155.824:ERROR:process_memory_win.cc(73)] ReadMemory at 0x5319cf0 of 284 bytes failed: Only part of a ReadProcessMemory or WriteProcessMemory request was completed. (0x12B)
[0312/145155.824:ERROR:process_memory_win.cc(73)] ReadMemory at 0x5319e18 of 72 bytes failed: Only part of a ReadProcessMemory or WriteProcessMemory request was completed. (0x12B)
[0312/145155.824:ERROR:process_memory_win.cc(73)] ReadMemory at 0x5319f00 of 60 bytes failed: Only part of a ReadProcessMemory or WriteProcessMemory request was completed. (0x12B)
[0312/145155.824:ERROR:process_memory_win.cc(73)] ReadMemory at 0x531a0c8 of 72 bytes failed: Only part of a ReadProcessMemory or WriteProcessMemory request was completed. (0x12B)
[0312/145155.825:ERROR:process_memory_win.cc(73)] ReadMemory at 0x531a1b0 of 60 bytes failed: Only part of a ReadProcessMemory or WriteProcessMemory request was completed. (0x12B)
[0312/145155.825:ERROR:process_memory_win.cc(73)] ReadMemory at 0x531a320 of 72 bytes failed: Only part of a ReadProcessMemory or WriteProcessMemory request was completed. (0x12B)
[0312/145155.825:ERROR:process_memory_win.cc(73)] ReadMemory at 0x531a408 of 62 bytes failed: Only part of a ReadProcessMemory or WriteProcessMemory request was completed. (0x12B)
[0312/145155.825:ERROR:process_memory_win.cc(73)] ReadMemory at 0x531a568 of 72 bytes failed: Only part of a ReadProcessMemory or WriteProcessMemory request was completed. (0x12B)
[0312/145155.825:ERROR:process_memory_win.cc(73)] ReadMemory at 0x531d620 of 72 bytes failed: Only part of a ReadProcessMemory or WriteProcessMemory request was completed. (0x12B)
[0312/145155.826:ERROR:process_memory_win.cc(73)] ReadMemory at 0x531d6d0 of 80 bytes failed: Only part of a ReadProcessMemory or WriteProcessMemory request was completed. (0x12B)
[0312/145155.826:ERROR:process_memory_win.cc(73)] ReadMemory at 0x531e1f8 of 72 bytes failed: Only part of a ReadProcessMemory or WriteProcessMemory request was completed. (0x12B)
[0312/145155.826:ERROR:process_memory_win.cc(73)] ReadMemory at 0x531e2a8 of 62 bytes failed: Only part of a ReadProcessMemory or WriteProcessMemory request was completed. (0x12B)
[0312/145155.826:ERROR:process_memory_win.cc(73)] ReadMemory at 0x531e430 of 72 bytes failed: Only part of a ReadProcessMemory or WriteProcessMemory request was completed. (0x12B)
[0312/145155.826:ERROR:process_memory_win.cc(73)] ReadMemory at 0x531e4e0 of 72 bytes failed: Only part of a ReadProcessMemory or WriteProcessMemory request was completed. (0x12B)
[0312/145155.827:ERROR:process_memory_win.cc(73)] ReadMemory at 0x531e590 of 72 bytes failed: Only part of a ReadProcessMemory or WriteProcessMemory request was completed. (0x12B)
[0312/145155.827:ERROR:process_memory_win.cc(73)] ReadMemory at 0x531e640 of 72 bytes failed: Only part of a ReadProcessMemory or WriteProcessMemory request was completed. (0x12B)
[0312/145155.827:ERROR:process_memory_win.cc(73)] ReadMemory at 0x531e6f0 of 72 bytes failed: Only part of a ReadProcessMemory or WriteProcessMemory request was completed. (0x12B)
[0312/145155.827:ERROR:process_memory_win.cc(73)] ReadMemory at 0x531e7a0 of 72 bytes failed: Only part of a ReadProcessMemory or WriteProcessMemory request was completed. (0x12B)
[0312/145155.827:ERROR:process_memory_win.cc(73)] ReadMemory at 0x531e850 of 72 bytes failed: Only part of a ReadProcessMemory or WriteProcessMemory request was completed. (0x12B)
[0312/145155.827:ERROR:process_memory_win.cc(73)] ReadMemory at 0x531e900 of 72 bytes failed: Only part of a ReadProcessMemory or WriteProcessMemory request was completed. (0x12B)
[0312/145155.828:ERROR:process_memory_win.cc(73)] ReadMemory at 0x531e9b0 of 72 bytes failed: Only part of a ReadProcessMemory or WriteProcessMemory request was completed. (0x12B)
[0312/145155.828:ERROR:process_memory_win.cc(73)] ReadMemory at 0x531ea60 of 72 bytes failed: Only part of a ReadProcessMemory or WriteProcessMemory request was completed. (0x12B)
[0312/145155.828:ERROR:process_memory_win.cc(73)] ReadMemory at 0x531eb10 of 72 bytes failed: Only part of a ReadProcessMemory or WriteProcessMemory request was completed. (0x12B)
[0312/145155.828:ERROR:process_memory_win.cc(73)] ReadMemory at 0x531ebc0 of 72 bytes failed: Only part of a ReadProcessMemory or WriteProcessMemory request was completed. (0x12B)
[0312/145155.828:ERROR:process_memory_win.cc(73)] ReadMemory at 0x531ec70 of 72 bytes failed: Only part of a ReadProcessMemory or WriteProcessMemory request was completed. (0x12B)
[0312/145155.828:ERROR:process_memory_win.cc(73)] ReadMemory at 0x531ed20 of 72 bytes failed: Only part of a ReadProcessMemory or WriteProcessMemory request was completed. (0x12B)
[0312/145155.829:ERROR:process_memory_win.cc(73)] ReadMemory at 0x531edd0 of 72 bytes failed: Only part of a ReadProcessMemory or WriteProcessMemory request was completed. (0x12B)
[0312/145155.829:ERROR:process_memory_win.cc(73)] ReadMemory at 0x531ee80 of 72 bytes failed: Only part of a ReadProcessMemory or WriteProcessMemory request was completed. (0x12B)
[0312/145155.829:ERROR:process_memory_win.cc(73)] ReadMemory at 0x531ef30 of 72 bytes failed: Only part of a ReadProcessMemory or WriteProcessMemory request was completed. (0x12B)
[0312/145155.829:ERROR:process_memory_win.cc(73)] ReadMemory at 0x531efe0 of 72 bytes failed: Only part of a ReadProcessMemory or WriteProcessMemory request was completed. (0x12B)
[0312/145155.829:ERROR:process_memory_win.cc(73)] ReadMemory at 0x531f090 of 72 bytes failed: Only part of a ReadProcessMemory or WriteProcessMemory request was completed. (0x12B)
[0312/145155.829:ERROR:process_memory_win.cc(73)] ReadMemory at 0x531f140 of 72 bytes failed: Only part of a ReadProcessMemory or WriteProcessMemory request was completed. (0x12B)
[0312/145155.830:ERROR:process_memory_win.cc(73)] ReadMemory at 0x531f2a0 of 72 bytes failed: Only part of a ReadProcessMemory or WriteProcessMemory request was completed. (0x12B)
[0312/145155.830:ERROR:process_memory_win.cc(73)] ReadMemory at 0x531f350 of 72 bytes failed: Only part of a ReadProcessMemory or WriteProcessMemory request was completed. (0x12B)
[0312/145155.830:ERROR:process_memory_win.cc(73)] ReadMemory at 0x531f410 of 62 bytes failed: Only part of a ReadProcessMemory or WriteProcessMemory request was completed. (0x12B)
[0312/145155.830:ERROR:process_memory_win.cc(73)] ReadMemory at 0x531f5f8 of 78 bytes failed: Only part of a ReadProcessMemory or WriteProcessMemory request was completed. (0x12B)
[0312/145155.830:ERROR:process_memory_win.cc(73)] ReadMemory at 0x531f650 of 64 bytes failed: Only part of a ReadProcessMemory or WriteProcessMemory request was completed. (0x12B)
[0312/145155.830:ERROR:process_memory_win.cc(73)] ReadMemory at 0x531f850 of 66 bytes failed: Only part of a ReadProcessMemory or WriteProcessMemory request was completed. (0x12B)
[0312/145155.831:ERROR:process_memory_win.cc(73)] ReadMemory at 0x531f9c8 of 64 bytes failed: Only part of a ReadProcessMemory or WriteProcessMemory request was completed. (0x12B)
[0312/145155.831:ERROR:process_memory_win.cc(73)] ReadMemory at 0x531fb38 of 62 bytes failed: Only part of a ReadProcessMemory or WriteProcessMemory request was completed. (0x12B)
[0312/145155.831:ERROR:process_memory_win.cc(73)] ReadMemory at 0x53200b8 of 64 bytes failed: Only part of a ReadProcessMemory or WriteProcessMemory request was completed. (0x12B)
[0312/145155.831:ERROR:process_memory_win.cc(73)] ReadMemory at 0x5320238 of 62 bytes failed: Only part of a ReadProcessMemory or WriteProcessMemory request was completed. (0x12B)
[0312/145155.832:ERROR:process_memory_win.cc(73)] ReadMemory at 0x53203c8 of 58 bytes failed: Only part of a ReadProcessMemory or WriteProcessMemory request was completed. (0x12B)
[0312/145155.832:ERROR:process_memory_win.cc(73)] ReadMemory at 0x53204c8 of 66 bytes failed: Only part of a ReadProcessMemory or WriteProcessMemory request was completed. (0x12B)
[0312/145155.832:ERROR:process_memory_win.cc(73)] ReadMemory at 0x53205a8 of 60 bytes failed: Only part of a ReadProcessMemory or WriteProcessMemory request was completed. (0x12B)
[0312/145155.832:ERROR:process_memory_win.cc(73)] ReadMemory at 0x53205f0 of 242 bytes failed: Only part of a ReadProcessMemory or WriteProcessMemory request was completed. (0x12B)
[0312/145155.832:ERROR:process_memory_win.cc(73)] ReadMemory at 0x5320720 of 60 bytes failed: Only part of a ReadProcessMemory or WriteProcessMemory request was completed. (0x12B)
[0312/145155.833:ERROR:process_memory_win.cc(73)] ReadMemory at 0x5320830 of 76 bytes failed: Only part of a ReadProcessMemory or WriteProcessMemory request was completed. (0x12B)
[0312/145155.833:ERROR:process_memory_win.cc(73)] ReadMemory at 0x5320990 of 62 bytes failed: Only part of a ReadProcessMemory or WriteProcessMemory request was completed. (0x12B)
[0312/145155.833:ERROR:process_memory_win.cc(73)] ReadMemory at 0x5321388 of 280 bytes failed: Only part of a ReadProcessMemory or WriteProcessMemory request was completed. (0x12B)
[0312/145155.833:ERROR:process_memory_win.cc(73)] ReadMemory at 0x5321610 of 64 bytes failed: Only part of a ReadProcessMemory or WriteProcessMemory request was completed. (0x12B)
[0312/145155.833:ERROR:process_memory_win.cc(73)] ReadMemory at 0x5322178 of 58 bytes failed: Only part of a ReadProcessMemory or WriteProcessMemory request was completed. (0x12B)
[0312/145155.833:ERROR:process_memory_win.cc(73)] ReadMemory at 0x5322208 of 60 bytes failed: Only part of a ReadProcessMemory or WriteProcessMemory request was completed. (0x12B)
[0312/145155.833:ERROR:process_memory_win.cc(73)] ReadMemory at 0x5322298 of 58 bytes failed: Only part of a ReadProcessMemory or WriteProcessMemory request was completed. (0x12B)
[0312/145155.833:ERROR:process_memory_win.cc(73)] ReadMemory at 0x5322370 of 60 bytes failed: Only part of a ReadProcessMemory or WriteProcessMemory request was completed. (0x12B)
[0312/145155.834:ERROR:process_memory_win.cc(73)] ReadMemory at 0x53225b0 of 58 bytes failed: Only part of a ReadProcessMemory or WriteProcessMemory request was completed. (0x12B)
[0312/145155.834:ERROR:process_memory_win.cc(73)] ReadMemory at 0x53227f0 of 62 bytes failed: Only part of a ReadProcessMemory or WriteProcessMemory request was completed. (0x12B)
[0312/145155.835:ERROR:process_memory_win.cc(73)] ReadMemory at 0x53233d0 of 62 bytes failed: Only part of a ReadProcessMemory or WriteProcessMemory request was completed. (0x12B)
[0312/145155.835:ERROR:process_memory_win.cc(73)] ReadMemory at 0x53238e8 of 66 bytes failed: Only part of a ReadProcessMemory or WriteProcessMemory request was completed. (0x12B)
[0312/145155.835:ERROR:process_memory_win.cc(73)] ReadMemory at 0x532a9c8 of 64 bytes failed: Only part of a ReadProcessMemory or WriteProcessMemory request was completed. (0x12B)
[0312/145155.835:ERROR:process_memory_win.cc(73)] ReadMemory at 0x532aa18 of 64 bytes failed: Only part of a ReadProcessMemory or WriteProcessMemory request was completed. (0x12B)
[0312/145155.836:ERROR:process_memory_win.cc(73)] ReadMemory at 0x532aab8 of 64 bytes failed: Only part of a ReadProcessMemory or WriteProcessMemory request was completed. (0x12B)
[0312/145155.836:ERROR:process_memory_win.cc(73)] ReadMemory at 0x532d540 of 54 bytes failed: Only part of a ReadProcessMemory or WriteProcessMemory request was completed. (0x12B)
[0312/145155.836:ERROR:process_memory_win.cc(73)] ReadMemory at 0x5330b10 of 72 bytes failed: Only part of a ReadProcessMemory or WriteProcessMemory request was completed. (0x12B)
[0312/145155.836:ERROR:process_memory_win.cc(73)] ReadMemory at 0x5330bc0 of 72 bytes failed: Only part of a ReadProcessMemory or WriteProcessMemory request was completed. (0x12B)
[0312/145155.836:ERROR:process_memory_win.cc(73)] ReadMemory at 0x5330c70 of 72 bytes failed: Only part of a ReadProcessMemory or WriteProcessMemory request was completed. (0x12B)
[0312/145155.836:ERROR:process_memory_win.cc(73)] ReadMemory at 0x5330dd0 of 72 bytes failed: Only part of a ReadProcessMemory or WriteProcessMemory request was completed. (0x12B)
[0312/145155.836:ERROR:process_memory_win.cc(73)] ReadMemory at 0x5330fe0 of 72 bytes failed: Only part of a ReadProcessMemory or WriteProcessMemory request was completed. (0x12B)
[0312/145155.837:ERROR:process_memory_win.cc(73)] ReadMemory at 0x5331090 of 72 bytes failed: Only part of a ReadProcessMemory or WriteProcessMemory request was completed. (0x12B)
[0312/145155.837:ERROR:process_memory_win.cc(73)] ReadMemory at 0x5331140 of 72 bytes failed: Only part of a ReadProcessMemory or WriteProcessMemory request was completed. (0x12B)
[0312/145155.837:ERROR:process_memory_win.cc(73)] ReadMemory at 0x5331400 of 72 bytes failed: Only part of a ReadProcessMemory or WriteProcessMemory request was completed. (0x12B)
[0312/145155.837:ERROR:process_memory_win.cc(73)] ReadMemory at 0x5331560 of 72 bytes failed: Only part of a ReadProcessMemory or WriteProcessMemory request was completed. (0x12B)
[0312/145155.837:ERROR:process_memory_win.cc(73)] ReadMemory at 0x5331610 of 72 bytes failed: Only part of a ReadProcessMemory or WriteProcessMemory request was completed. (0x12B)
[0312/145155.837:ERROR:process_memory_win.cc(73)] ReadMemory at 0x5331820 of 72 bytes failed: Only part of a ReadProcessMemory or WriteProcessMemory request was completed. (0x12B)
[0312/145155.837:ERROR:process_memory_win.cc(73)] ReadMemory at 0x5331a30 of 72 bytes failed: Only part of a ReadProcessMemory or WriteProcessMemory request was completed. (0x12B)
[0312/145155.837:ERROR:process_memory_win.cc(73)] ReadMemory at 0x5331ae0 of 72 bytes failed: Only part of a ReadProcessMemory or WriteProcessMemory request was completed. (0x12B)
[0312/145155.838:ERROR:process_memory_win.cc(73)] ReadMemory at 0x5331b90 of 72 bytes failed: Only part of a ReadProcessMemory or WriteProcessMemory request was completed. (0x12B)
[0312/145155.838:ERROR:process_memory_win.cc(73)] ReadMemory at 0x5331c40 of 72 bytes failed: Only part of a ReadProcessMemory or WriteProcessMemory request was completed. (0x12B)
[0312/145155.838:ERROR:process_memory_win.cc(73)] ReadMemory at 0x5331cf0 of 72 bytes failed: Only part of a ReadProcessMemory or WriteProcessMemory request was completed. (0x12B)
[0312/145155.838:ERROR:process_memory_win.cc(73)] ReadMemory at 0x5331da0 of 72 bytes failed: Only part of a ReadProcessMemory or WriteProcessMemory request was completed. (0x12B)
[0312/145155.838:ERROR:process_memory_win.cc(73)] ReadMemory at 0x5331e50 of 72 bytes failed: Only part of a ReadProcessMemory or WriteProcessMemory request was completed. (0x12B)
[0312/145155.839:ERROR:process_memory_win.cc(73)] ReadMemory at 0x5331f00 of 72 bytes failed: Only part of a ReadProcessMemory or WriteProcessMemory request was completed. (0x12B)
[0312/145155.959:ERROR:process_memory_win.cc(73)] ReadMemory at 0x5332060 of 72 bytes failed: Only part of a ReadProcessMemory or WriteProcessMemory request was completed. (0x12B)
[0312/145155.959:ERROR:process_memory_win.cc(73)] ReadMemory at 0x5332b60 of 62 bytes failed: Only part of a ReadProcessMemory or WriteProcessMemory request was completed. (0x12B)
[0312/145155.960:ERROR:process_memory_win.cc(73)] ReadMemory at 0x5332ba8 of 60 bytes failed: Only part of a ReadProcessMemory or WriteProcessMemory request was completed. (0x12B)
[0312/145155.960:ERROR:process_memory_win.cc(73)] ReadMemory at 0x53342f8 of 60 bytes failed: Only part of a ReadProcessMemory or WriteProcessMemory request was completed. (0x12B)
[0312/145155.960:ERROR:process_memory_win.cc(73)] ReadMemory at 0x5334420 of 60 bytes failed: Only part of a ReadProcessMemory or WriteProcessMemory request was completed. (0x12B)
[0312/145155.960:ERROR:process_memory_win.cc(73)] ReadMemory at 0x5334548 of 56 bytes failed: Only part of a ReadProcessMemory or WriteProcessMemory request was completed. (0x12B)
[0312/145155.960:ERROR:process_memory_win.cc(73)] ReadMemory at 0x5335f00 of 62 bytes failed: Only part of a ReadProcessMemory or WriteProcessMemory request was completed. (0x12B)
[0312/145156.003:ERROR:process_memory_win.cc(73)] ReadMemory at 0x5336028 of 58 bytes failed: Only part of a ReadProcessMemory or WriteProcessMemory request was completed. (0x12B)
[0312/145156.004:ERROR:process_memory_win.cc(73)] ReadMemory at 0x5336388 of 62 bytes failed: Only part of a ReadProcessMemory or WriteProcessMemory request was completed. (0x12B)
[0312/145156.004:ERROR:process_memory_win.cc(73)] ReadMemory at 0x53364b0 of 60 bytes failed: Only part of a ReadProcessMemory or WriteProcessMemory request was completed. (0x12B)
[0312/145156.004:ERROR:process_memory_win.cc(73)] ReadMemory at 0x5336818 of 62 bytes failed: Only part of a ReadProcessMemory or WriteProcessMemory request was completed. (0x12B)
[0312/145156.004:ERROR:process_memory_win.cc(73)] ReadMemory at 0x5336940 of 64 bytes failed: Only part of a ReadProcessMemory or WriteProcessMemory request was completed. (0x12B)
[0312/145156.004:ERROR:process_memory_win.cc(73)] ReadMemory at 0x5336a68 of 62 bytes failed: Only part of a ReadProcessMemory or WriteProcessMemory request was completed. (0x12B)
[0312/145156.004:ERROR:process_memory_win.cc(73)] ReadMemory at 0x5336cb0 of 64 bytes failed: Only part of a ReadProcessMemory or WriteProcessMemory request was completed. (0x12B)
[0312/145156.004:ERROR:process_memory_win.cc(73)] ReadMemory at 0x533c0d8 of 512 bytes failed: Only part of a ReadProcessMemory or WriteProcessMemory request was completed. (0x12B)
[0312/145156.004:ERROR:process_memory_win.cc(73)] ReadMemory at 0x5343d80 of 512 bytes failed: Only part of a ReadProcessMemory or WriteProcessMemory request was completed. (0x12B)
[0312/145156.005:ERROR:process_memory_win.cc(73)] ReadMemory at 0x563d4e0 of 512 bytes failed: Only part of a ReadProcessMemory or WriteProcessMemory request was completed. (0x12B)
[0312/145156.005:ERROR:process_memory_win.cc(73)] ReadMemory at 0x564bc70 of 604 bytes failed: Only part of a ReadProcessMemory or WriteProcessMemory request was completed. (0x12B)
[0312/145156.005:ERROR:process_memory_win.cc(73)] ReadMemory at 0xf4461c8 of 512 bytes failed: Only part of a ReadProcessMemory or WriteProcessMemory request was completed. (0x12B)
[0312/145156.005:ERROR:process_memory_win.cc(73)] ReadMemory at 0x13ba17ec of 512 bytes failed: Only part of a ReadProcessMemory or WriteProcessMemory request was completed. (0x12B)
[0312/145156.005:ERROR:process_memory_win.cc(73)] ReadMemory at 0x486e1e81 of 512 bytes failed: Only part of a ReadProcessMemory or WriteProcessMemory request was completed. (0x12B)
[0312/145156.006:ERROR:process_memory_win.cc(73)] ReadMemory at 0x486e2120 of 512 bytes failed: Only part of a ReadProcessMemory or WriteProcessMemory request was completed. (0x12B)
[0312/145156.006:ERROR:process_memory_win.cc(73)] ReadMemory at 0x5ac01b50 of 512 bytes failed: Only part of a ReadProcessMemory or WriteProcessMemory request was completed. (0x12B)
[0312/145156.006:ERROR:process_memory_win.cc(73)] ReadMemory at 0x77c47740 of 18 bytes failed: Only part of a ReadProcessMemory or WriteProcessMemory request was completed. (0x12B)
[0312/145156.006:ERROR:process_memory_win.cc(73)] ReadMemory at 0x77c8e1b0 of 512 bytes failed: Only part of a ReadProcessMemory or WriteProcessMemory request was completed. (0x12B)
[0312/145156.006:ERROR:process_memory_win.cc(73)] ReadMemory at 0x77cb044c of 592 bytes failed: Only part of a ReadProcessMemory or WriteProcessMemory request was completed. (0x12B)
[0312/145156.006:ERROR:process_memory_win.cc(73)] ReadMemory at 0x77cb076c of 512 bytes failed: Only part of a ReadProcessMemory or WriteProcessMemory request was completed. (0x12B)
[0312/145156.007:ERROR:process_memory_win.cc(73)] ReadMemory at 0x77cb20bc of 560 bytes failed: Only part of a ReadProcessMemory or WriteProcessMemory request was completed. (0x12B)
[0312/145156.007:ERROR:process_memory_win.cc(73)] ReadMemory at 0x77d5e368 of 24 bytes failed: Only part of a ReadProcessMemory or WriteProcessMemory request was completed. (0x12B)
[0312/145156.007:ERROR:process_memory_win.cc(73)] ReadMemory at 0x77d5e704 of 32 bytes failed: Only part of a ReadProcessMemory or WriteProcessMemory request was completed. (0x12B)
[0312/145156.007:ERROR:process_memory_win.cc(73)] ReadMemory at 0x77d60c40 of 36 bytes failed: Only part of a ReadProcessMemory or WriteProcessMemory request was completed. (0x12B)
[0312/145156.041:ERROR:scoped_process_suspend.cc(40)] NtResumeProcess: An attempt was made to access an exiting process. (0xc000010a)
